{"F:\\Project\\Web Dev\\Portofolio\\Circle App\\circle-backend\\src\\App.ts": {"path":"F:\\Project\\Web Dev\\Portofolio\\Circle App\\circle-backend\\src\\App.ts","statementMap":{"0":{"start":{"line":4,"column":0},"end":{"line":4,"column":53}},"1":{"start":{"line":5,"column":0},"end":{"line":5,"column":45}},"2":{"start":{"line":6,"column":0},"end":{"line":6,"column":43}},"3":{"start":{"line":7,"column":0},"end":{"line":7,"column":44}},"4":{"start":{"line":8,"column":0},"end":{"line":8,"column":49}},"5":{"start":{"line":9,"column":0},"end":{"line":9,"column":48}},"6":{"start":{"line":11,"column":12},"end":{"line":11,"column":21}},"7":{"start":{"line":14,"column":0},"end":{"line":14,"column":24}},"8":{"start":{"line":15,"column":0},"end":{"line":15,"column":24}},"9":{"start":{"line":18,"column":0},"end":{"line":18,"column":28}},"10":{"start":{"line":19,"column":0},"end":{"line":19,"column":27}},"11":{"start":{"line":20,"column":0},"end":{"line":20,"column":28}},"12":{"start":{"line":21,"column":0},"end":{"line":21,"column":30}},"13":{"start":{"line":24,"column":0},"end":{"line":31,"column":3}},"14":{"start":{"line":25,"column":2},"end":{"line":25,"column":30}},"15":{"start":{"line":26,"column":21},"end":{"line":26,"column":42}},"16":{"start":{"line":27,"column":2},"end":{"line":30,"column":5}},"17":{"start":{"line":34,"column":0},"end":{"line":36,"column":3}},"18":{"start":{"line":35,"column":2},"end":{"line":35,"column":45}},"19":{"start":{"line":38,"column":0},"end":{"line":38,"column":19}}},"fnMap":{"0":{"name":"(anonymous_1)","decl":{"start":{"line":24,"column":8},"end":{"line":24,"column":9}},"loc":{"start":{"line":24,"column":52},"end":{"line":31,"column":1}}},"1":{"name":"(anonymous_2)","decl":{"start":{"line":34,"column":13},"end":{"line":34,"column":14}},"loc":{"start":{"line":34,"column":45},"end":{"line":36,"column":1}}}},"branchMap":{"0":{"loc":{"start":{"line":26,"column":21},"end":{"line":26,"column":42}},"type":"binary-expr","locations":[{"start":{"line":26,"column":21},"end":{"line":26,"column":35}},{"start":{"line":26,"column":39},"end":{"line":26,"column":42}}]},"1":{"loc":{"start":{"line":29,"column":13},"end":{"line":29,"column":51}},"type":"binary-expr","locations":[{"start":{"line":29,"column":13},"end":{"line":29,"column":24}},{"start":{"line":29,"column":28},"end":{"line":29,"column":51}}]}},"s":{"0":1,"1":1,"2":1,"3":1,"4":1,"5":1,"6":1,"7":1,"8":1,"9":1,"10":1,"11":1,"12":1,"13":1,"14":0,"15":0,"16":0,"17":1,"18":0,"19":1},"f":{"0":0,"1":0},"b":{"0":[0,0],"1":[0,0]}}
,"F:\\Project\\Web Dev\\Portofolio\\Circle App\\circle-backend\\src\\server.ts": {"path":"F:\\Project\\Web Dev\\Portofolio\\Circle App\\circle-backend\\src\\server.ts","statementMap":{"0":{"start":{"line":3,"column":0},"end":{"line":3,"column":41}},"1":{"start":{"line":4,"column":0},"end":{"line":4,"column":35}},"2":{"start":{"line":5,"column":0},"end":{"line":5,"column":24}},"3":{"start":{"line":7,"column":19},"end":{"line":7,"column":36}},"4":{"start":{"line":9,"column":11},"end":{"line":11,"column":2}},"5":{"start":{"line":14,"column":0},"end":{"line":14,"column":18}},"6":{"start":{"line":16,"column":0},"end":{"line":18,"column":3}},"7":{"start":{"line":17,"column":4},"end":{"line":17,"column":48}},"8":{"start":{"line":20,"column":13},"end":{"line":20,"column":37}},"9":{"start":{"line":21,"column":0},"end":{"line":23,"column":3}},"10":{"start":{"line":22,"column":4},"end":{"line":22,"column":85}}},"fnMap":{"0":{"name":"(anonymous_1)","decl":{"start":{"line":16,"column":20},"end":{"line":16,"column":21}},"loc":{"start":{"line":16,"column":31},"end":{"line":18,"column":1}}},"1":{"name":"(anonymous_2)","decl":{"start":{"line":21,"column":24},"end":{"line":21,"column":27}},"loc":{"start":{"line":21,"column":29},"end":{"line":23,"column":1}}}},"branchMap":{"0":{"loc":{"start":{"line":20,"column":13},"end":{"line":20,"column":37}},"type":"binary-expr","locations":[{"start":{"line":20,"column":13},"end":{"line":20,"column":29}},{"start":{"line":20,"column":33},"end":{"line":20,"column":37}}]}},"s":{"0":0,"1":0,"2":0,"3":0,"4":0,"5":0,"6":0,"7":0,"8":0,"9":0,"10":0},"f":{"0":0,"1":0},"b":{"0":[0,0]}}
,"F:\\Project\\Web Dev\\Portofolio\\Circle App\\circle-backend\\src\\connection\\client.ts": {"path":"F:\\Project\\Web Dev\\Portofolio\\Circle App\\circle-backend\\src\\connection\\client.ts","statementMap":{"0":{"start":{"line":2,"column":0},"end":{"line":2,"column":45}},"1":{"start":{"line":4,"column":15},"end":{"line":4,"column":33}},"2":{"start":{"line":6,"column":9},"end":{"line":6,"column":15}}},"fnMap":{},"branchMap":{},"s":{"0":1,"1":1,"2":1},"f":{},"b":{}}
,"F:\\Project\\Web Dev\\Portofolio\\Circle App\\circle-backend\\src\\controllers\\auth-controller.ts": {"path":"F:\\Project\\Web Dev\\Portofolio\\Circle App\\circle-backend\\src\\controllers\\auth-controller.ts","statementMap":{"0":{"start":{"line":10,"column":0},"end":{"line":10,"column":22}},"1":{"start":{"line":35,"column":0},"end":{"line":35,"column":22}},"2":{"start":{"line":5,"column":0},"end":{"line":5,"column":77}},"3":{"start":{"line":6,"column":0},"end":{"line":6,"column":63}},"4":{"start":{"line":7,"column":0},"end":{"line":7,"column":46}},"5":{"start":{"line":11,"column":2},"end":{"line":31,"column":3}},"6":{"start":{"line":18,"column":22},"end":{"line":18,"column":55}},"7":{"start":{"line":19,"column":4},"end":{"line":22,"column":5}},"8":{"start":{"line":20,"column":6},"end":{"line":20,"column":55}},"9":{"start":{"line":21,"column":6},"end":{"line":21,"column":13}},"10":{"start":{"line":24,"column":58},"end":{"line":24,"column":66}},"11":{"start":{"line":25,"column":26},"end":{"line":25,"column":62}},"12":{"start":{"line":27,"column":28},"end":{"line":27,"column":104}},"13":{"start":{"line":28,"column":4},"end":{"line":28,"column":90}},"14":{"start":{"line":30,"column":4},"end":{"line":30,"column":51}},"15":{"start":{"line":36,"column":2},"end":{"line":49,"column":3}},"16":{"start":{"line":37,"column":22},"end":{"line":37,"column":52}},"17":{"start":{"line":38,"column":4},"end":{"line":41,"column":5}},"18":{"start":{"line":39,"column":6},"end":{"line":39,"column":55}},"19":{"start":{"line":40,"column":6},"end":{"line":40,"column":13}},"20":{"start":{"line":43,"column":32},"end":{"line":43,"column":40}},"21":{"start":{"line":45,"column":19},"end":{"line":45,"column":51}},"22":{"start":{"line":46,"column":4},"end":{"line":46,"column":54}},"23":{"start":{"line":48,"column":4},"end":{"line":48,"column":51}},"24":{"start":{"line":53,"column":25},"end":{"line":59,"column":2}},"25":{"start":{"line":53,"column":63},"end":{"line":59,"column":2}},"26":{"start":{"line":54,"column":2},"end":{"line":58,"column":3}},"27":{"start":{"line":55,"column":4},"end":{"line":55,"column":32}},"28":{"start":{"line":57,"column":4},"end":{"line":57,"column":54}},"29":{"start":{"line":53,"column":13},"end":{"line":53,"column":25}},"30":{"start":{"line":62,"column":29},"end":{"line":93,"column":2}},"31":{"start":{"line":62,"column":67},"end":{"line":93,"column":2}},"32":{"start":{"line":63,"column":2},"end":{"line":92,"column":3}},"33":{"start":{"line":64,"column":20},"end":{"line":64,"column":39}},"34":{"start":{"line":65,"column":31},"end":{"line":65,"column":39}},"35":{"start":{"line":68,"column":28},"end":{"line":68,"column":46}},"36":{"start":{"line":69,"column":4},"end":{"line":71,"column":5}},"37":{"start":{"line":70,"column":6},"end":{"line":70,"column":47}},"38":{"start":{"line":73,"column":24},"end":{"line":76,"column":6}},"39":{"start":{"line":78,"column":4},"end":{"line":88,"column":7}},"40":{"start":{"line":91,"column":4},"end":{"line":91,"column":51}},"41":{"start":{"line":62,"column":13},"end":{"line":62,"column":29}}},"fnMap":{"0":{"name":"handleRegister","decl":{"start":{"line":10,"column":22},"end":{"line":10,"column":36}},"loc":{"start":{"line":10,"column":84},"end":{"line":32,"column":null}}},"1":{"name":"handleLogin","decl":{"start":{"line":35,"column":22},"end":{"line":35,"column":33}},"loc":{"start":{"line":35,"column":61},"end":{"line":50,"column":null}}},"2":{"name":"(anonymous_11)","decl":{"start":{"line":53,"column":25},"end":{"line":53,"column":32}},"loc":{"start":{"line":53,"column":63},"end":{"line":59,"column":2}}},"3":{"name":"(anonymous_12)","decl":{"start":{"line":53,"column":63},"end":{"line":53,"column":null}},"loc":{"start":{"line":53,"column":63},"end":{"line":59,"column":1}}},"4":{"name":"(anonymous_13)","decl":{"start":{"line":62,"column":29},"end":{"line":62,"column":36}},"loc":{"start":{"line":62,"column":67},"end":{"line":93,"column":2}}},"5":{"name":"(anonymous_14)","decl":{"start":{"line":62,"column":67},"end":{"line":62,"column":null}},"loc":{"start":{"line":62,"column":67},"end":{"line":93,"column":1}}}},"branchMap":{"0":{"loc":{"start":{"line":19,"column":4},"end":{"line":22,"column":5}},"type":"if","locations":[{"start":{"line":19,"column":4},"end":{"line":22,"column":5}},{"start":{},"end":{}}]},"1":{"loc":{"start":{"line":25,"column":26},"end":{"line":25,"column":62}},"type":"cond-expr","locations":[{"start":{"line":25,"column":37},"end":{"line":25,"column":50}},{"start":{"line":25,"column":53},"end":{"line":25,"column":62}}]},"2":{"loc":{"start":{"line":38,"column":4},"end":{"line":41,"column":5}},"type":"if","locations":[{"start":{"line":38,"column":4},"end":{"line":41,"column":5}},{"start":{},"end":{}}]},"3":{"loc":{"start":{"line":69,"column":4},"end":{"line":71,"column":5}},"type":"if","locations":[{"start":{"line":69,"column":4},"end":{"line":71,"column":5}},{"start":{},"end":{}}]}},"s":{"0":1,"1":1,"2":1,"3":1,"4":1,"5":4,"6":4,"7":4,"8":2,"9":2,"10":2,"11":2,"12":2,"13":1,"14":1,"15":4,"16":4,"17":4,"18":0,"19":0,"20":4,"21":4,"22":2,"23":2,"24":1,"25":1,"26":1,"27":1,"28":0,"29":1,"30":1,"31":0,"32":0,"33":0,"34":0,"35":0,"36":0,"37":0,"38":0,"39":0,"40":0,"41":1},"f":{"0":4,"1":4,"2":1,"3":1,"4":0,"5":0},"b":{"0":[2,2],"1":[0,2],"2":[0,4],"3":[0,0]}}
,"F:\\Project\\Web Dev\\Portofolio\\Circle App\\circle-backend\\src\\controllers\\follow-controller.ts": {"path":"F:\\Project\\Web Dev\\Portofolio\\Circle App\\circle-backend\\src\\controllers\\follow-controller.ts","statementMap":{"0":{"start":{"line":4,"column":0},"end":{"line":4,"column":null}},"1":{"start":{"line":14,"column":37},"end":{"line":23,"column":2}},"2":{"start":{"line":14,"column":75},"end":{"line":23,"column":2}},"3":{"start":{"line":15,"column":4},"end":{"line":22,"column":5}},"4":{"start":{"line":16,"column":31},"end":{"line":16,"column":50}},"5":{"start":{"line":17,"column":23},"end":{"line":17,"column":59}},"6":{"start":{"line":18,"column":8},"end":{"line":18,"column":69}},"7":{"start":{"line":20,"column":8},"end":{"line":20,"column":57}},"8":{"start":{"line":21,"column":8},"end":{"line":21,"column":90}},"9":{"start":{"line":14,"column":13},"end":{"line":14,"column":37}},"10":{"start":{"line":26,"column":34},"end":{"line":35,"column":2}},"11":{"start":{"line":26,"column":72},"end":{"line":35,"column":2}},"12":{"start":{"line":27,"column":4},"end":{"line":34,"column":5}},"13":{"start":{"line":28,"column":31},"end":{"line":28,"column":50}},"14":{"start":{"line":29,"column":26},"end":{"line":29,"column":64}},"15":{"start":{"line":30,"column":8},"end":{"line":30,"column":72}},"16":{"start":{"line":32,"column":8},"end":{"line":32,"column":53}},"17":{"start":{"line":33,"column":8},"end":{"line":33,"column":90}},"18":{"start":{"line":26,"column":13},"end":{"line":26,"column":34}},"19":{"start":{"line":38,"column":34},"end":{"line":47,"column":2}},"20":{"start":{"line":38,"column":72},"end":{"line":47,"column":2}},"21":{"start":{"line":39,"column":4},"end":{"line":46,"column":5}},"22":{"start":{"line":40,"column":31},"end":{"line":40,"column":50}},"23":{"start":{"line":41,"column":26},"end":{"line":41,"column":74}},"24":{"start":{"line":42,"column":8},"end":{"line":42,"column":72}},"25":{"start":{"line":44,"column":8},"end":{"line":44,"column":53}},"26":{"start":{"line":45,"column":8},"end":{"line":45,"column":90}},"27":{"start":{"line":38,"column":13},"end":{"line":38,"column":34}},"28":{"start":{"line":50,"column":34},"end":{"line":59,"column":2}},"29":{"start":{"line":50,"column":72},"end":{"line":59,"column":2}},"30":{"start":{"line":51,"column":4},"end":{"line":58,"column":5}},"31":{"start":{"line":52,"column":31},"end":{"line":52,"column":50}},"32":{"start":{"line":53,"column":26},"end":{"line":53,"column":74}},"33":{"start":{"line":54,"column":8},"end":{"line":54,"column":72}},"34":{"start":{"line":56,"column":8},"end":{"line":56,"column":53}},"35":{"start":{"line":57,"column":8},"end":{"line":57,"column":90}},"36":{"start":{"line":50,"column":13},"end":{"line":50,"column":34}},"37":{"start":{"line":62,"column":32},"end":{"line":80,"column":2}},"38":{"start":{"line":62,"column":70},"end":{"line":80,"column":2}},"39":{"start":{"line":63,"column":4},"end":{"line":79,"column":5}},"40":{"start":{"line":64,"column":31},"end":{"line":64,"column":50}},"41":{"start":{"line":65,"column":25},"end":{"line":65,"column":58}},"42":{"start":{"line":67,"column":8},"end":{"line":69,"column":9}},"43":{"start":{"line":68,"column":12},"end":{"line":68,"column":88}},"44":{"start":{"line":71,"column":8},"end":{"line":71,"column":50}},"45":{"start":{"line":72,"column":8},"end":{"line":72,"column":89}},"46":{"start":{"line":74,"column":8},"end":{"line":76,"column":9}},"47":{"start":{"line":75,"column":12},"end":{"line":75,"column":100}},"48":{"start":{"line":77,"column":8},"end":{"line":77,"column":46}},"49":{"start":{"line":78,"column":8},"end":{"line":78,"column":107}},"50":{"start":{"line":62,"column":13},"end":{"line":62,"column":32}},"51":{"start":{"line":83,"column":34},"end":{"line":98,"column":2}},"52":{"start":{"line":83,"column":72},"end":{"line":98,"column":2}},"53":{"start":{"line":84,"column":4},"end":{"line":97,"column":5}},"54":{"start":{"line":85,"column":31},"end":{"line":85,"column":50}},"55":{"start":{"line":86,"column":25},"end":{"line":86,"column":58}},"56":{"start":{"line":88,"column":8},"end":{"line":90,"column":9}},"57":{"start":{"line":89,"column":12},"end":{"line":89,"column":88}},"58":{"start":{"line":92,"column":8},"end":{"line":92,"column":52}},"59":{"start":{"line":93,"column":8},"end":{"line":93,"column":91}},"60":{"start":{"line":95,"column":8},"end":{"line":95,"column":48}},"61":{"start":{"line":96,"column":8},"end":{"line":96,"column":90}},"62":{"start":{"line":83,"column":13},"end":{"line":83,"column":34}}},"fnMap":{"0":{"name":"(anonymous_7)","decl":{"start":{"line":14,"column":37},"end":{"line":14,"column":44}},"loc":{"start":{"line":14,"column":75},"end":{"line":23,"column":2}}},"1":{"name":"(anonymous_8)","decl":{"start":{"line":14,"column":75},"end":{"line":14,"column":null}},"loc":{"start":{"line":14,"column":75},"end":{"line":23,"column":1}}},"2":{"name":"(anonymous_9)","decl":{"start":{"line":26,"column":34},"end":{"line":26,"column":41}},"loc":{"start":{"line":26,"column":72},"end":{"line":35,"column":2}}},"3":{"name":"(anonymous_10)","decl":{"start":{"line":26,"column":72},"end":{"line":26,"column":null}},"loc":{"start":{"line":26,"column":72},"end":{"line":35,"column":1}}},"4":{"name":"(anonymous_11)","decl":{"start":{"line":38,"column":34},"end":{"line":38,"column":41}},"loc":{"start":{"line":38,"column":72},"end":{"line":47,"column":2}}},"5":{"name":"(anonymous_12)","decl":{"start":{"line":38,"column":72},"end":{"line":38,"column":null}},"loc":{"start":{"line":38,"column":72},"end":{"line":47,"column":1}}},"6":{"name":"(anonymous_13)","decl":{"start":{"line":50,"column":34},"end":{"line":50,"column":41}},"loc":{"start":{"line":50,"column":72},"end":{"line":59,"column":2}}},"7":{"name":"(anonymous_14)","decl":{"start":{"line":50,"column":72},"end":{"line":50,"column":null}},"loc":{"start":{"line":50,"column":72},"end":{"line":59,"column":1}}},"8":{"name":"(anonymous_15)","decl":{"start":{"line":62,"column":32},"end":{"line":62,"column":39}},"loc":{"start":{"line":62,"column":70},"end":{"line":80,"column":2}}},"9":{"name":"(anonymous_16)","decl":{"start":{"line":62,"column":70},"end":{"line":62,"column":null}},"loc":{"start":{"line":62,"column":70},"end":{"line":80,"column":1}}},"10":{"name":"(anonymous_17)","decl":{"start":{"line":83,"column":34},"end":{"line":83,"column":41}},"loc":{"start":{"line":83,"column":72},"end":{"line":98,"column":2}}},"11":{"name":"(anonymous_18)","decl":{"start":{"line":83,"column":72},"end":{"line":83,"column":null}},"loc":{"start":{"line":83,"column":72},"end":{"line":98,"column":1}}}},"branchMap":{"0":{"loc":{"start":{"line":67,"column":8},"end":{"line":69,"column":9}},"type":"if","locations":[{"start":{"line":67,"column":8},"end":{"line":69,"column":9}},{"start":{},"end":{}}]},"1":{"loc":{"start":{"line":74,"column":8},"end":{"line":76,"column":9}},"type":"if","locations":[{"start":{"line":74,"column":8},"end":{"line":76,"column":9}},{"start":{},"end":{}}]},"2":{"loc":{"start":{"line":78,"column":63},"end":{"line":78,"column":103}},"type":"binary-expr","locations":[{"start":{"line":78,"column":63},"end":{"line":78,"column":76}},{"start":{"line":78,"column":80},"end":{"line":78,"column":103}}]},"3":{"loc":{"start":{"line":88,"column":8},"end":{"line":90,"column":9}},"type":"if","locations":[{"start":{"line":88,"column":8},"end":{"line":90,"column":9}},{"start":{},"end":{}}]}},"s":{"0":1,"1":1,"2":0,"3":0,"4":0,"5":0,"6":0,"7":0,"8":0,"9":1,"10":1,"11":0,"12":0,"13":0,"14":0,"15":0,"16":0,"17":0,"18":1,"19":1,"20":0,"21":0,"22":0,"23":0,"24":0,"25":0,"26":0,"27":1,"28":1,"29":0,"30":0,"31":0,"32":0,"33":0,"34":0,"35":0,"36":1,"37":1,"38":0,"39":0,"40":0,"41":0,"42":0,"43":0,"44":0,"45":0,"46":0,"47":0,"48":0,"49":0,"50":1,"51":1,"52":0,"53":0,"54":0,"55":0,"56":0,"57":0,"58":0,"59":0,"60":0,"61":0,"62":1},"f":{"0":0,"1":0,"2":0,"3":0,"4":0,"5":0,"6":0,"7":0,"8":0,"9":0,"10":0,"11":0},"b":{"0":[0,0],"1":[0,0],"2":[0,0],"3":[0,0]}}
,"F:\\Project\\Web Dev\\Portofolio\\Circle App\\circle-backend\\src\\controllers\\like-controller.ts": {"path":"F:\\Project\\Web Dev\\Portofolio\\Circle App\\circle-backend\\src\\controllers\\like-controller.ts","statementMap":{"0":{"start":{"line":5,"column":0},"end":{"line":5,"column":46}},"1":{"start":{"line":7,"column":26},"end":{"line":54,"column":2}},"2":{"start":{"line":7,"column":64},"end":{"line":54,"column":2}},"3":{"start":{"line":8,"column":2},"end":{"line":53,"column":3}},"4":{"start":{"line":9,"column":20},"end":{"line":9,"column":39}},"5":{"start":{"line":10,"column":21},"end":{"line":10,"column":60}},"6":{"start":{"line":13,"column":25},"end":{"line":20,"column":6}},"7":{"start":{"line":22,"column":4},"end":{"line":31,"column":5}},"8":{"start":{"line":23,"column":6},"end":{"line":23,"column":67}},"9":{"start":{"line":24,"column":6},"end":{"line":24,"column":55}},"10":{"start":{"line":27,"column":6},"end":{"line":29,"column":9}},"11":{"start":{"line":34,"column":28},"end":{"line":39,"column":6}},"12":{"start":{"line":41,"column":15},"end":{"line":41,"column":32}},"13":{"start":{"line":43,"column":4},"end":{"line":46,"column":7}},"14":{"start":{"line":48,"column":4},"end":{"line":48,"column":82}},"15":{"start":{"line":51,"column":4},"end":{"line":51,"column":25}},"16":{"start":{"line":52,"column":4},"end":{"line":52,"column":63}},"17":{"start":{"line":7,"column":13},"end":{"line":7,"column":26}}},"fnMap":{"0":{"name":"(anonymous_7)","decl":{"start":{"line":7,"column":26},"end":{"line":7,"column":33}},"loc":{"start":{"line":7,"column":64},"end":{"line":54,"column":2}}},"1":{"name":"(anonymous_8)","decl":{"start":{"line":7,"column":64},"end":{"line":7,"column":null}},"loc":{"start":{"line":7,"column":64},"end":{"line":54,"column":1}}}},"branchMap":{"0":{"loc":{"start":{"line":22,"column":4},"end":{"line":31,"column":5}},"type":"if","locations":[{"start":{"line":22,"column":4},"end":{"line":31,"column":5}},{"start":{"line":25,"column":11},"end":{"line":31,"column":5}}]},"1":{"loc":{"start":{"line":45,"column":20},"end":{"line":45,"column":54}},"type":"binary-expr","locations":[{"start":{"line":45,"column":20},"end":{"line":45,"column":49}},{"start":{"line":45,"column":53},"end":{"line":45,"column":54}}]},"2":{"loc":{"start":{"line":45,"column":20},"end":{"line":45,"column":49}},"type":"cond-expr","locations":[{"start":{"line":45,"column":35},"end":{"line":45,"column":37}},{"start":{"line":45,"column":20},"end":{"line":45,"column":49}}]},"3":{"loc":{"start":{"line":45,"column":20},"end":{"line":45,"column":37}},"type":"binary-expr","locations":[{"start":{"line":45,"column":20},"end":{"line":45,"column":37}},{"start":{"line":45,"column":20},"end":{"line":45,"column":37}}]}},"s":{"0":1,"1":1,"2":0,"3":0,"4":0,"5":0,"6":0,"7":0,"8":0,"9":0,"10":0,"11":0,"12":0,"13":0,"14":0,"15":0,"16":0,"17":1},"f":{"0":0,"1":0},"b":{"0":[0,0],"1":[0,0],"2":[0,0],"3":[0,0]}}
,"F:\\Project\\Web Dev\\Portofolio\\Circle App\\circle-backend\\src\\controllers\\thread-controller.ts": {"path":"F:\\Project\\Web Dev\\Portofolio\\Circle App\\circle-backend\\src\\controllers\\thread-controller.ts","statementMap":{"0":{"start":{"line":10,"column":0},"end":{"line":10,"column":22}},"1":{"start":{"line":25,"column":0},"end":{"line":25,"column":22}},"2":{"start":{"line":69,"column":0},"end":{"line":69,"column":22}},"3":{"start":{"line":100,"column":0},"end":{"line":100,"column":22}},"4":{"start":{"line":141,"column":0},"end":{"line":141,"column":22}},"5":{"start":{"line":156,"column":0},"end":{"line":156,"column":22}},"6":{"start":{"line":169,"column":0},"end":{"line":169,"column":22}},"7":{"start":{"line":5,"column":0},"end":{"line":5,"column":46}},"8":{"start":{"line":7,"column":0},"end":{"line":7,"column":56}},"9":{"start":{"line":11,"column":4},"end":{"line":21,"column":5}},"10":{"start":{"line":13,"column":24},"end":{"line":13,"column":43}},"11":{"start":{"line":16,"column":24},"end":{"line":16,"column":52}},"12":{"start":{"line":18,"column":8},"end":{"line":18,"column":26}},"13":{"start":{"line":20,"column":8},"end":{"line":20,"column":55}},"14":{"start":{"line":26,"column":4},"end":{"line":65,"column":5}},"15":{"start":{"line":27,"column":23},"end":{"line":27,"column":33}},"16":{"start":{"line":28,"column":24},"end":{"line":28,"column":43}},"17":{"start":{"line":30,"column":23},"end":{"line":43,"column":10}},"18":{"start":{"line":45,"column":8},"end":{"line":45,"column":82}},"19":{"start":{"line":45,"column":21},"end":{"line":45,"column":82}},"20":{"start":{"line":47,"column":8},"end":{"line":61,"column":11}},"21":{"start":{"line":64,"column":8},"end":{"line":64,"column":55}},"22":{"start":{"line":71,"column":4},"end":{"line":96,"column":5}},"23":{"start":{"line":72,"column":23},"end":{"line":72,"column":33}},"24":{"start":{"line":73,"column":22},"end":{"line":73,"column":51}},"25":{"start":{"line":76,"column":24},"end":{"line":85,"column":10}},"26":{"start":{"line":87,"column":8},"end":{"line":92,"column":11}},"27":{"start":{"line":95,"column":8},"end":{"line":95,"column":55}},"28":{"start":{"line":101,"column":4},"end":{"line":137,"column":5}},"29":{"start":{"line":102,"column":28},"end":{"line":102,"column":36}},"30":{"start":{"line":105,"column":8},"end":{"line":110,"column":9}},"31":{"start":{"line":106,"column":12},"end":{"line":109,"column":15}},"32":{"start":{"line":112,"column":23},"end":{"line":121,"column":10}},"33":{"start":{"line":123,"column":19},"end":{"line":123,"column":36}},"34":{"start":{"line":125,"column":8},"end":{"line":125,"column":37}},"35":{"start":{"line":127,"column":8},"end":{"line":127,"column":44}},"36":{"start":{"line":129,"column":8},"end":{"line":133,"column":11}},"37":{"start":{"line":135,"column":8},"end":{"line":135,"column":25}},"38":{"start":{"line":136,"column":8},"end":{"line":136,"column":55}},"39":{"start":{"line":142,"column":4},"end":{"line":152,"column":5}},"40":{"start":{"line":143,"column":23},"end":{"line":143,"column":33}},"41":{"start":{"line":144,"column":35},"end":{"line":144,"column":43}},"42":{"start":{"line":145,"column":23},"end":{"line":148,"column":10}},"43":{"start":{"line":149,"column":8},"end":{"line":149,"column":25}},"44":{"start":{"line":151,"column":8},"end":{"line":151,"column":55}},"45":{"start":{"line":157,"column":4},"end":{"line":165,"column":5}},"46":{"start":{"line":158,"column":23},"end":{"line":158,"column":33}},"47":{"start":{"line":159,"column":23},"end":{"line":161,"column":10}},"48":{"start":{"line":162,"column":8},"end":{"line":162,"column":25}},"49":{"start":{"line":164,"column":8},"end":{"line":164,"column":55}},"50":{"start":{"line":170,"column":4},"end":{"line":224,"column":5}},"51":{"start":{"line":171,"column":39},"end":{"line":171,"column":47}},"52":{"start":{"line":172,"column":24},"end":{"line":172,"column":43}},"53":{"start":{"line":175,"column":8},"end":{"line":181,"column":9}},"54":{"start":{"line":176,"column":12},"end":{"line":180,"column":15}},"55":{"start":{"line":184,"column":23},"end":{"line":208,"column":10}},"56":{"start":{"line":184,"column":67},"end":{"line":208,"column":10}},"57":{"start":{"line":186,"column":29},"end":{"line":199,"column":14}},"58":{"start":{"line":202,"column":12},"end":{"line":205,"column":15}},"59":{"start":{"line":207,"column":12},"end":{"line":207,"column":28}},"60":{"start":{"line":211,"column":19},"end":{"line":211,"column":36}},"61":{"start":{"line":212,"column":8},"end":{"line":214,"column":9}},"62":{"start":{"line":213,"column":12},"end":{"line":213,"column":53}},"63":{"start":{"line":217,"column":8},"end":{"line":221,"column":11}},"64":{"start":{"line":223,"column":8},"end":{"line":223,"column":83}}},"fnMap":{"0":{"name":"getThreads","decl":{"start":{"line":10,"column":22},"end":{"line":10,"column":32}},"loc":{"start":{"line":10,"column":60},"end":{"line":22,"column":null}}},"1":{"name":"getThreadById","decl":{"start":{"line":25,"column":22},"end":{"line":25,"column":35}},"loc":{"start":{"line":25,"column":63},"end":{"line":66,"column":null}}},"2":{"name":"getThreadReplies","decl":{"start":{"line":69,"column":22},"end":{"line":69,"column":38}},"loc":{"start":{"line":69,"column":66},"end":{"line":97,"column":null}}},"3":{"name":"createThread","decl":{"start":{"line":100,"column":22},"end":{"line":100,"column":34}},"loc":{"start":{"line":100,"column":82},"end":{"line":138,"column":null}}},"4":{"name":"updateThread","decl":{"start":{"line":141,"column":22},"end":{"line":141,"column":34}},"loc":{"start":{"line":141,"column":62},"end":{"line":153,"column":null}}},"5":{"name":"deleteThread","decl":{"start":{"line":156,"column":22},"end":{"line":156,"column":34}},"loc":{"start":{"line":156,"column":62},"end":{"line":166,"column":null}}},"6":{"name":"createReply","decl":{"start":{"line":169,"column":22},"end":{"line":169,"column":33}},"loc":{"start":{"line":169,"column":61},"end":{"line":225,"column":null}}},"7":{"name":"(anonymous_21)","decl":{"start":{"line":184,"column":49},"end":{"line":184,"column":56}},"loc":{"start":{"line":184,"column":67},"end":{"line":208,"column":10}}},"8":{"name":"(anonymous_22)","decl":{"start":{"line":184,"column":67},"end":{"line":184,"column":null}},"loc":{"start":{"line":184,"column":67},"end":{"line":208,"column":9}}}},"branchMap":{"0":{"loc":{"start":{"line":45,"column":8},"end":{"line":45,"column":82}},"type":"if","locations":[{"start":{"line":45,"column":8},"end":{"line":45,"column":82}},{"start":{},"end":{}}]},"1":{"loc":{"start":{"line":73,"column":22},"end":{"line":73,"column":51}},"type":"binary-expr","locations":[{"start":{"line":73,"column":22},"end":{"line":73,"column":45}},{"start":{"line":73,"column":49},"end":{"line":73,"column":51}}]},"2":{"loc":{"start":{"line":105,"column":8},"end":{"line":110,"column":9}},"type":"if","locations":[{"start":{"line":105,"column":8},"end":{"line":110,"column":9}},{"start":{},"end":{}}]},"3":{"loc":{"start":{"line":105,"column":12},"end":{"line":105,"column":63}},"type":"binary-expr","locations":[{"start":{"line":105,"column":12},"end":{"line":105,"column":20}},{"start":{"line":105,"column":24},"end":{"line":105,"column":39}},{"start":{"line":105,"column":43},"end":{"line":105,"column":63}}]},"4":{"loc":{"start":{"line":116,"column":23},"end":{"line":116,"column":54}},"type":"cond-expr","locations":[{"start":{"line":116,"column":34},"end":{"line":116,"column":47}},{"start":{"line":116,"column":50},"end":{"line":116,"column":54}}]},"5":{"loc":{"start":{"line":175,"column":8},"end":{"line":181,"column":9}},"type":"if","locations":[{"start":{"line":175,"column":8},"end":{"line":181,"column":9}},{"start":{},"end":{}}]},"6":{"loc":{"start":{"line":175,"column":12},"end":{"line":175,"column":75}},"type":"binary-expr","locations":[{"start":{"line":175,"column":12},"end":{"line":175,"column":20}},{"start":{"line":175,"column":24},"end":{"line":175,"column":51}},{"start":{"line":175,"column":55},"end":{"line":175,"column":75}}]},"7":{"loc":{"start":{"line":190,"column":27},"end":{"line":190,"column":58}},"type":"cond-expr","locations":[{"start":{"line":190,"column":38},"end":{"line":190,"column":51}},{"start":{"line":190,"column":54},"end":{"line":190,"column":58}}]},"8":{"loc":{"start":{"line":212,"column":8},"end":{"line":214,"column":9}},"type":"if","locations":[{"start":{"line":212,"column":8},"end":{"line":214,"column":9}},{"start":{},"end":{}}]}},"s":{"0":1,"1":1,"2":1,"3":1,"4":1,"5":1,"6":1,"7":1,"8":1,"9":0,"10":0,"11":0,"12":0,"13":0,"14":0,"15":0,"16":0,"17":0,"18":0,"19":0,"20":0,"21":0,"22":0,"23":0,"24":0,"25":0,"26":0,"27":0,"28":0,"29":0,"30":0,"31":0,"32":0,"33":0,"34":0,"35":0,"36":0,"37":0,"38":0,"39":0,"40":0,"41":0,"42":0,"43":0,"44":0,"45":0,"46":0,"47":0,"48":0,"49":0,"50":0,"51":0,"52":0,"53":0,"54":0,"55":0,"56":0,"57":0,"58":0,"59":0,"60":0,"61":0,"62":0,"63":0,"64":0},"f":{"0":0,"1":0,"2":0,"3":0,"4":0,"5":0,"6":0,"7":0,"8":0},"b":{"0":[0,0],"1":[0,0],"2":[0,0],"3":[0,0,0],"4":[0,0],"5":[0,0],"6":[0,0,0],"7":[0,0],"8":[0,0]}}
,"F:\\Project\\Web Dev\\Portofolio\\Circle App\\circle-backend\\src\\controllers\\user-controller.ts": {"path":"F:\\Project\\Web Dev\\Portofolio\\Circle App\\circle-backend\\src\\controllers\\user-controller.ts","statementMap":{"0":{"start":{"line":4,"column":0},"end":{"line":4,"column":83}},"1":{"start":{"line":7,"column":23},"end":{"line":26,"column":2}},"2":{"start":{"line":7,"column":61},"end":{"line":26,"column":2}},"3":{"start":{"line":8,"column":4},"end":{"line":25,"column":5}},"4":{"start":{"line":9,"column":22},"end":{"line":9,"column":43}},"5":{"start":{"line":11,"column":8},"end":{"line":16,"column":9}},"6":{"start":{"line":12,"column":12},"end":{"line":15,"column":15}},"7":{"start":{"line":18,"column":31},"end":{"line":18,"column":50}},"8":{"start":{"line":19,"column":22},"end":{"line":19,"column":68}},"9":{"start":{"line":21,"column":8},"end":{"line":21,"column":68}},"10":{"start":{"line":23,"column":8},"end":{"line":23,"column":46}},"11":{"start":{"line":24,"column":8},"end":{"line":24,"column":90}},"12":{"start":{"line":7,"column":13},"end":{"line":7,"column":23}},"13":{"start":{"line":29,"column":26},"end":{"line":45,"column":2}},"14":{"start":{"line":29,"column":64},"end":{"line":45,"column":2}},"15":{"start":{"line":30,"column":4},"end":{"line":44,"column":5}},"16":{"start":{"line":31,"column":25},"end":{"line":31,"column":54}},"17":{"start":{"line":32,"column":31},"end":{"line":32,"column":50}},"18":{"start":{"line":34,"column":24},"end":{"line":34,"column":69}},"19":{"start":{"line":36,"column":8},"end":{"line":38,"column":9}},"20":{"start":{"line":37,"column":12},"end":{"line":37,"column":87}},"21":{"start":{"line":40,"column":8},"end":{"line":40,"column":70}},"22":{"start":{"line":42,"column":8},"end":{"line":42,"column":51}},"23":{"start":{"line":43,"column":8},"end":{"line":43,"column":90}},"24":{"start":{"line":29,"column":13},"end":{"line":29,"column":26}},"25":{"start":{"line":48,"column":33},"end":{"line":60,"column":2}},"26":{"start":{"line":48,"column":71},"end":{"line":60,"column":2}},"27":{"start":{"line":49,"column":4},"end":{"line":59,"column":5}},"28":{"start":{"line":50,"column":25},"end":{"line":50,"column":54}},"29":{"start":{"line":51,"column":31},"end":{"line":51,"column":50}},"30":{"start":{"line":53,"column":24},"end":{"line":53,"column":69}},"31":{"start":{"line":55,"column":8},"end":{"line":55,"column":70}},"32":{"start":{"line":57,"column":8},"end":{"line":57,"column":59}},"33":{"start":{"line":58,"column":8},"end":{"line":58,"column":90}},"34":{"start":{"line":48,"column":13},"end":{"line":48,"column":33}}},"fnMap":{"0":{"name":"(anonymous_7)","decl":{"start":{"line":7,"column":23},"end":{"line":7,"column":30}},"loc":{"start":{"line":7,"column":61},"end":{"line":26,"column":2}}},"1":{"name":"(anonymous_8)","decl":{"start":{"line":7,"column":61},"end":{"line":7,"column":null}},"loc":{"start":{"line":7,"column":61},"end":{"line":26,"column":1}}},"2":{"name":"(anonymous_9)","decl":{"start":{"line":29,"column":26},"end":{"line":29,"column":33}},"loc":{"start":{"line":29,"column":64},"end":{"line":45,"column":2}}},"3":{"name":"(anonymous_10)","decl":{"start":{"line":29,"column":64},"end":{"line":29,"column":null}},"loc":{"start":{"line":29,"column":64},"end":{"line":45,"column":1}}},"4":{"name":"(anonymous_11)","decl":{"start":{"line":48,"column":33},"end":{"line":48,"column":40}},"loc":{"start":{"line":48,"column":71},"end":{"line":60,"column":2}}},"5":{"name":"(anonymous_12)","decl":{"start":{"line":48,"column":71},"end":{"line":48,"column":null}},"loc":{"start":{"line":48,"column":71},"end":{"line":60,"column":1}}}},"branchMap":{"0":{"loc":{"start":{"line":11,"column":8},"end":{"line":16,"column":9}},"type":"if","locations":[{"start":{"line":11,"column":8},"end":{"line":16,"column":9}},{"start":{},"end":{}}]},"1":{"loc":{"start":{"line":11,"column":12},"end":{"line":11,"column":41}},"type":"binary-expr","locations":[{"start":{"line":11,"column":12},"end":{"line":11,"column":18}},{"start":{"line":11,"column":22},"end":{"line":11,"column":41}}]},"2":{"loc":{"start":{"line":36,"column":8},"end":{"line":38,"column":9}},"type":"if","locations":[{"start":{"line":36,"column":8},"end":{"line":38,"column":9}},{"start":{},"end":{}}]}},"s":{"0":1,"1":1,"2":0,"3":0,"4":0,"5":0,"6":0,"7":0,"8":0,"9":0,"10":0,"11":0,"12":1,"13":1,"14":0,"15":0,"16":0,"17":0,"18":0,"19":0,"20":0,"21":0,"22":0,"23":0,"24":1,"25":1,"26":0,"27":0,"28":0,"29":0,"30":0,"31":0,"32":0,"33":0,"34":1},"f":{"0":0,"1":0,"2":0,"3":0,"4":0,"5":0},"b":{"0":[0,0],"1":[0,0],"2":[0,0]}}
,"F:\\Project\\Web Dev\\Portofolio\\Circle App\\circle-backend\\src\\middlewares\\auth-middleware.ts": {"path":"F:\\Project\\Web Dev\\Portofolio\\Circle App\\circle-backend\\src\\middlewares\\auth-middleware.ts","statementMap":{"0":{"start":{"line":12,"column":0},"end":{"line":12,"column":22}},"1":{"start":{"line":7,"column":0},"end":{"line":7,"column":43}},"2":{"start":{"line":8,"column":0},"end":{"line":8,"column":46}},"3":{"start":{"line":10,"column":15},"end":{"line":10,"column":33}},"4":{"start":{"line":13,"column":16},"end":{"line":13,"column":56}},"5":{"start":{"line":14,"column":2},"end":{"line":17,"column":3}},"6":{"start":{"line":15,"column":4},"end":{"line":15,"column":54}},"7":{"start":{"line":16,"column":4},"end":{"line":16,"column":11}},"8":{"start":{"line":19,"column":2},"end":{"line":37,"column":3}},"9":{"start":{"line":20,"column":20},"end":{"line":20,"column":45}},"10":{"start":{"line":24,"column":17},"end":{"line":26,"column":6}},"11":{"start":{"line":28,"column":4},"end":{"line":31,"column":5}},"12":{"start":{"line":29,"column":6},"end":{"line":29,"column":65}},"13":{"start":{"line":30,"column":6},"end":{"line":30,"column":13}},"14":{"start":{"line":33,"column":5},"end":{"line":33,"column":29}},"15":{"start":{"line":34,"column":4},"end":{"line":34,"column":11}},"16":{"start":{"line":36,"column":4},"end":{"line":36,"column":55}}},"fnMap":{"0":{"name":"authMiddleware","decl":{"start":{"line":12,"column":22},"end":{"line":12,"column":36}},"loc":{"start":{"line":12,"column":84},"end":{"line":38,"column":null}}}},"branchMap":{"0":{"loc":{"start":{"line":13,"column":16},"end":{"line":13,"column":56}},"type":"cond-expr","locations":[{"start":{"line":13,"column":41},"end":{"line":13,"column":43}},{"start":{"line":13,"column":41},"end":{"line":13,"column":56}}]},"1":{"loc":{"start":{"line":13,"column":16},"end":{"line":13,"column":43}},"type":"binary-expr","locations":[{"start":{"line":13,"column":16},"end":{"line":13,"column":43}},{"start":{"line":13,"column":41},"end":{"line":13,"column":43}}]},"2":{"loc":{"start":{"line":14,"column":2},"end":{"line":17,"column":3}},"type":"if","locations":[{"start":{"line":14,"column":2},"end":{"line":17,"column":3}},{"start":{},"end":{}}]},"3":{"loc":{"start":{"line":28,"column":4},"end":{"line":31,"column":5}},"type":"if","locations":[{"start":{"line":28,"column":4},"end":{"line":31,"column":5}},{"start":{},"end":{}}]}},"s":{"0":1,"1":1,"2":1,"3":1,"4":3,"5":3,"6":1,"7":1,"8":2,"9":2,"10":2,"11":1,"12":0,"13":0,"14":1,"15":1,"16":1},"f":{"0":3},"b":{"0":[1,2],"1":[3,3],"2":[1,2],"3":[0,1]}}
,"F:\\Project\\Web Dev\\Portofolio\\Circle App\\circle-backend\\src\\middlewares\\cors.ts": {"path":"F:\\Project\\Web Dev\\Portofolio\\Circle App\\circle-backend\\src\\middlewares\\cors.ts","statementMap":{"0":{"start":{"line":5,"column":0},"end":{"line":5,"column":24}},"1":{"start":{"line":9,"column":23},"end":{"line":14,"column":2}},"2":{"start":{"line":16,"column":0},"end":{"line":16,"column":30}}},"fnMap":{},"branchMap":{},"s":{"0":1,"1":1,"2":1},"f":{},"b":{}}
,"F:\\Project\\Web Dev\\Portofolio\\Circle App\\circle-backend\\src\\models\\auth-model.ts": {"path":"F:\\Project\\Web Dev\\Portofolio\\Circle App\\circle-backend\\src\\models\\auth-model.ts","statementMap":{"0":{"start":{"line":6,"column":0},"end":{"line":6,"column":22}},"1":{"start":{"line":51,"column":0},"end":{"line":51,"column":22}},"2":{"start":{"line":2,"column":0},"end":{"line":2,"column":28}},"3":{"start":{"line":3,"column":0},"end":{"line":3,"column":46}},"4":{"start":{"line":4,"column":0},"end":{"line":4,"column":45}},"5":{"start":{"line":15,"column":2},"end":{"line":17,"column":3}},"6":{"start":{"line":16,"column":4},"end":{"line":16,"column":49}},"7":{"start":{"line":19,"column":23},"end":{"line":19,"column":73}},"8":{"start":{"line":20,"column":2},"end":{"line":22,"column":3}},"9":{"start":{"line":21,"column":4},"end":{"line":21,"column":59}},"10":{"start":{"line":24,"column":27},"end":{"line":24,"column":80}},"11":{"start":{"line":25,"column":2},"end":{"line":27,"column":3}},"12":{"start":{"line":26,"column":4},"end":{"line":26,"column":47}},"13":{"start":{"line":29,"column":17},"end":{"line":29,"column":48}},"14":{"start":{"line":31,"column":15},"end":{"line":41,"column":4}},"15":{"start":{"line":43,"column":16},"end":{"line":43,"column":71}},"16":{"start":{"line":45,"column":2},"end":{"line":48,"column":4}},"17":{"start":{"line":52,"column":15},"end":{"line":52,"column":65}},"18":{"start":{"line":53,"column":2},"end":{"line":53,"column":47}},"19":{"start":{"line":53,"column":13},"end":{"line":53,"column":47}},"20":{"start":{"line":55,"column":18},"end":{"line":55,"column":63}},"21":{"start":{"line":56,"column":2},"end":{"line":56,"column":50}},"22":{"start":{"line":56,"column":16},"end":{"line":56,"column":50}},"23":{"start":{"line":58,"column":16},"end":{"line":58,"column":71}},"24":{"start":{"line":59,"column":2},"end":{"line":69,"column":4}}},"fnMap":{"0":{"name":"registerUser","decl":{"start":{"line":6,"column":22},"end":{"line":6,"column":34}},"loc":{"start":{"line":12,"column":14},"end":{"line":49,"column":null}}},"1":{"name":"loginUser","decl":{"start":{"line":51,"column":22},"end":{"line":51,"column":31}},"loc":{"start":{"line":51,"column":63},"end":{"line":70,"column":null}}}},"branchMap":{"0":{"loc":{"start":{"line":15,"column":2},"end":{"line":17,"column":3}},"type":"if","locations":[{"start":{"line":15,"column":2},"end":{"line":17,"column":3}},{"start":{},"end":{}}]},"1":{"loc":{"start":{"line":15,"column":6},"end":{"line":15,"column":46}},"type":"binary-expr","locations":[{"start":{"line":15,"column":6},"end":{"line":15,"column":23}},{"start":{"line":15,"column":27},"end":{"line":15,"column":46}}]},"2":{"loc":{"start":{"line":20,"column":2},"end":{"line":22,"column":3}},"type":"if","locations":[{"start":{"line":20,"column":2},"end":{"line":22,"column":3}},{"start":{},"end":{}}]},"3":{"loc":{"start":{"line":25,"column":2},"end":{"line":27,"column":3}},"type":"if","locations":[{"start":{"line":25,"column":2},"end":{"line":27,"column":3}},{"start":{},"end":{}}]},"4":{"loc":{"start":{"line":53,"column":2},"end":{"line":53,"column":47}},"type":"if","locations":[{"start":{"line":53,"column":2},"end":{"line":53,"column":47}},{"start":{},"end":{}}]},"5":{"loc":{"start":{"line":56,"column":2},"end":{"line":56,"column":50}},"type":"if","locations":[{"start":{"line":56,"column":2},"end":{"line":56,"column":50}},{"start":{},"end":{}}]}},"s":{"0":1,"1":1,"2":1,"3":1,"4":1,"5":2,"6":0,"7":2,"8":2,"9":1,"10":1,"11":1,"12":0,"13":1,"14":1,"15":1,"16":1,"17":4,"18":4,"19":1,"20":3,"21":3,"22":1,"23":2,"24":2},"f":{"0":2,"1":4},"b":{"0":[0,2],"1":[2,2],"2":[1,1],"3":[0,1],"4":[1,3],"5":[1,2]}}
,"F:\\Project\\Web Dev\\Portofolio\\Circle App\\circle-backend\\src\\models\\follow-model.ts": {"path":"F:\\Project\\Web Dev\\Portofolio\\Circle App\\circle-backend\\src\\models\\follow-model.ts","statementMap":{"0":{"start":{"line":3,"column":0},"end":{"line":3,"column":46}},"1":{"start":{"line":5,"column":19},"end":{"line":11,"column":2}},"2":{"start":{"line":14,"column":28},"end":{"line":38,"column":2}},"3":{"start":{"line":14,"column":76},"end":{"line":38,"column":2}},"4":{"start":{"line":15,"column":22},"end":{"line":20,"column":6}},"5":{"start":{"line":23,"column":24},"end":{"line":23,"column":59}},"6":{"start":{"line":23,"column":45},"end":{"line":23,"column":58}},"7":{"start":{"line":24,"column":29},"end":{"line":30,"column":6}},"8":{"start":{"line":32,"column":25},"end":{"line":32,"column":77}},"9":{"start":{"line":32,"column":61},"end":{"line":32,"column":75}},"10":{"start":{"line":34,"column":4},"end":{"line":37,"column":8}},"11":{"start":{"line":34,"column":32},"end":{"line":36,"column":null}},"12":{"start":{"line":14,"column":13},"end":{"line":14,"column":28}},"13":{"start":{"line":41,"column":28},"end":{"line":65,"column":2}},"14":{"start":{"line":41,"column":76},"end":{"line":65,"column":2}},"15":{"start":{"line":42,"column":22},"end":{"line":47,"column":6}},"16":{"start":{"line":50,"column":25},"end":{"line":50,"column":61}},"17":{"start":{"line":50,"column":46},"end":{"line":50,"column":60}},"18":{"start":{"line":51,"column":29},"end":{"line":57,"column":6}},"19":{"start":{"line":59,"column":25},"end":{"line":59,"column":77}},"20":{"start":{"line":59,"column":61},"end":{"line":59,"column":75}},"21":{"start":{"line":61,"column":4},"end":{"line":64,"column":8}},"22":{"start":{"line":61,"column":32},"end":{"line":63,"column":null}},"23":{"start":{"line":41,"column":13},"end":{"line":41,"column":28}},"24":{"start":{"line":68,"column":33},"end":{"line":92,"column":2}},"25":{"start":{"line":68,"column":65},"end":{"line":92,"column":2}},"26":{"start":{"line":70,"column":29},"end":{"line":73,"column":6}},"27":{"start":{"line":75,"column":23},"end":{"line":78,"column":6}},"28":{"start":{"line":77,"column":39},"end":{"line":77,"column":53}},"29":{"start":{"line":80,"column":22},"end":{"line":89,"column":6}},"30":{"start":{"line":91,"column":4},"end":{"line":91,"column":64}},"31":{"start":{"line":91,"column":32},"end":{"line":91,"column":62}},"32":{"start":{"line":68,"column":13},"end":{"line":68,"column":33}},"33":{"start":{"line":95,"column":26},"end":{"line":108,"column":2}},"34":{"start":{"line":95,"column":76},"end":{"line":108,"column":2}},"35":{"start":{"line":96,"column":4},"end":{"line":98,"column":5}},"36":{"start":{"line":97,"column":8},"end":{"line":97,"column":54}},"37":{"start":{"line":100,"column":19},"end":{"line":105,"column":6}},"38":{"start":{"line":107,"column":4},"end":{"line":107,"column":18}},"39":{"start":{"line":95,"column":13},"end":{"line":95,"column":26}},"40":{"start":{"line":111,"column":31},"end":{"line":117,"column":2}},"41":{"start":{"line":111,"column":56},"end":{"line":117,"column":2}},"42":{"start":{"line":112,"column":45},"end":{"line":115,"column":6}},"43":{"start":{"line":116,"column":4},"end":{"line":116,"column":46}},"44":{"start":{"line":111,"column":13},"end":{"line":111,"column":31}},"45":{"start":{"line":120,"column":28},"end":{"line":131,"column":2}},"46":{"start":{"line":120,"column":78},"end":{"line":131,"column":2}},"47":{"start":{"line":121,"column":19},"end":{"line":128,"column":6}},"48":{"start":{"line":130,"column":4},"end":{"line":130,"column":18}},"49":{"start":{"line":120,"column":13},"end":{"line":120,"column":28}}},"fnMap":{"0":{"name":"(anonymous_7)","decl":{"start":{"line":14,"column":28},"end":{"line":14,"column":35}},"loc":{"start":{"line":14,"column":76},"end":{"line":38,"column":2}}},"1":{"name":"(anonymous_8)","decl":{"start":{"line":14,"column":76},"end":{"line":14,"column":null}},"loc":{"start":{"line":14,"column":76},"end":{"line":38,"column":1}}},"2":{"name":"(anonymous_9)","decl":{"start":{"line":23,"column":38},"end":{"line":23,"column":39}},"loc":{"start":{"line":23,"column":45},"end":{"line":23,"column":58}}},"3":{"name":"(anonymous_10)","decl":{"start":{"line":32,"column":54},"end":{"line":32,"column":55}},"loc":{"start":{"line":32,"column":61},"end":{"line":32,"column":75}}},"4":{"name":"(anonymous_11)","decl":{"start":{"line":34,"column":25},"end":{"line":34,"column":26}},"loc":{"start":{"line":34,"column":32},"end":{"line":36,"column":null}}},"5":{"name":"(anonymous_12)","decl":{"start":{"line":41,"column":28},"end":{"line":41,"column":35}},"loc":{"start":{"line":41,"column":76},"end":{"line":65,"column":2}}},"6":{"name":"(anonymous_13)","decl":{"start":{"line":41,"column":76},"end":{"line":41,"column":null}},"loc":{"start":{"line":41,"column":76},"end":{"line":65,"column":1}}},"7":{"name":"(anonymous_14)","decl":{"start":{"line":50,"column":39},"end":{"line":50,"column":40}},"loc":{"start":{"line":50,"column":46},"end":{"line":50,"column":60}}},"8":{"name":"(anonymous_15)","decl":{"start":{"line":59,"column":54},"end":{"line":59,"column":55}},"loc":{"start":{"line":59,"column":61},"end":{"line":59,"column":75}}},"9":{"name":"(anonymous_16)","decl":{"start":{"line":61,"column":25},"end":{"line":61,"column":26}},"loc":{"start":{"line":61,"column":32},"end":{"line":63,"column":null}}},"10":{"name":"(anonymous_17)","decl":{"start":{"line":68,"column":33},"end":{"line":68,"column":40}},"loc":{"start":{"line":68,"column":65},"end":{"line":92,"column":2}}},"11":{"name":"(anonymous_18)","decl":{"start":{"line":68,"column":65},"end":{"line":68,"column":null}},"loc":{"start":{"line":68,"column":65},"end":{"line":92,"column":1}}},"12":{"name":"(anonymous_19)","decl":{"start":{"line":77,"column":32},"end":{"line":77,"column":33}},"loc":{"start":{"line":77,"column":39},"end":{"line":77,"column":53}}},"13":{"name":"(anonymous_20)","decl":{"start":{"line":91,"column":25},"end":{"line":91,"column":26}},"loc":{"start":{"line":91,"column":32},"end":{"line":91,"column":62}}},"14":{"name":"(anonymous_21)","decl":{"start":{"line":95,"column":26},"end":{"line":95,"column":33}},"loc":{"start":{"line":95,"column":76},"end":{"line":108,"column":2}}},"15":{"name":"(anonymous_22)","decl":{"start":{"line":95,"column":76},"end":{"line":95,"column":null}},"loc":{"start":{"line":95,"column":76},"end":{"line":108,"column":1}}},"16":{"name":"(anonymous_23)","decl":{"start":{"line":111,"column":31},"end":{"line":111,"column":38}},"loc":{"start":{"line":111,"column":56},"end":{"line":117,"column":2}}},"17":{"name":"(anonymous_24)","decl":{"start":{"line":111,"column":56},"end":{"line":111,"column":null}},"loc":{"start":{"line":111,"column":56},"end":{"line":117,"column":1}}},"18":{"name":"(anonymous_25)","decl":{"start":{"line":120,"column":28},"end":{"line":120,"column":35}},"loc":{"start":{"line":120,"column":78},"end":{"line":131,"column":2}}},"19":{"name":"(anonymous_26)","decl":{"start":{"line":120,"column":78},"end":{"line":120,"column":null}},"loc":{"start":{"line":120,"column":78},"end":{"line":131,"column":1}}}},"branchMap":{"0":{"loc":{"start":{"line":96,"column":4},"end":{"line":98,"column":5}},"type":"if","locations":[{"start":{"line":96,"column":4},"end":{"line":98,"column":5}},{"start":{},"end":{}}]}},"s":{"0":1,"1":1,"2":1,"3":0,"4":0,"5":0,"6":0,"7":0,"8":0,"9":0,"10":0,"11":0,"12":1,"13":1,"14":0,"15":0,"16":0,"17":0,"18":0,"19":0,"20":0,"21":0,"22":0,"23":1,"24":1,"25":0,"26":0,"27":0,"28":0,"29":0,"30":0,"31":0,"32":1,"33":1,"34":0,"35":0,"36":0,"37":0,"38":0,"39":1,"40":1,"41":0,"42":0,"43":0,"44":1,"45":1,"46":0,"47":0,"48":0,"49":1},"f":{"0":0,"1":0,"2":0,"3":0,"4":0,"5":0,"6":0,"7":0,"8":0,"9":0,"10":0,"11":0,"12":0,"13":0,"14":0,"15":0,"16":0,"17":0,"18":0,"19":0},"b":{"0":[0,0]}}
,"F:\\Project\\Web Dev\\Portofolio\\Circle App\\circle-backend\\src\\models\\thread-model.ts": {"path":"F:\\Project\\Web Dev\\Portofolio\\Circle App\\circle-backend\\src\\models\\thread-model.ts","statementMap":{"0":{"start":{"line":4,"column":0},"end":{"line":4,"column":46}},"1":{"start":{"line":6,"column":30},"end":{"line":32,"column":2}},"2":{"start":{"line":6,"column":62},"end":{"line":32,"column":2}},"3":{"start":{"line":7,"column":18},"end":{"line":23,"column":4}},"4":{"start":{"line":26,"column":2},"end":{"line":31,"column":6}},"5":{"start":{"line":26,"column":31},"end":{"line":30,"column":null}},"6":{"start":{"line":6,"column":13},"end":{"line":6,"column":30}}},"fnMap":{"0":{"name":"(anonymous_7)","decl":{"start":{"line":6,"column":30},"end":{"line":6,"column":37}},"loc":{"start":{"line":6,"column":62},"end":{"line":32,"column":2}}},"1":{"name":"(anonymous_8)","decl":{"start":{"line":6,"column":62},"end":{"line":6,"column":null}},"loc":{"start":{"line":6,"column":62},"end":{"line":32,"column":1}}},"2":{"name":"(anonymous_9)","decl":{"start":{"line":26,"column":21},"end":{"line":26,"column":27}},"loc":{"start":{"line":26,"column":31},"end":{"line":30,"column":null}}}},"branchMap":{},"s":{"0":1,"1":1,"2":0,"3":0,"4":0,"5":0,"6":1},"f":{"0":0,"1":0,"2":0},"b":{}}
,"F:\\Project\\Web Dev\\Portofolio\\Circle App\\circle-backend\\src\\models\\user-model.ts": {"path":"F:\\Project\\Web Dev\\Portofolio\\Circle App\\circle-backend\\src\\models\\user-model.ts","statementMap":{"0":{"start":{"line":3,"column":0},"end":{"line":3,"column":46}},"1":{"start":{"line":6,"column":27},"end":{"line":38,"column":2}},"2":{"start":{"line":6,"column":74},"end":{"line":38,"column":2}},"3":{"start":{"line":7,"column":20},"end":{"line":22,"column":6}},"4":{"start":{"line":24,"column":29},"end":{"line":30,"column":6}},"5":{"start":{"line":27,"column":51},"end":{"line":27,"column":55}},"6":{"start":{"line":32,"column":25},"end":{"line":32,"column":77}},"7":{"start":{"line":32,"column":61},"end":{"line":32,"column":75}},"8":{"start":{"line":34,"column":4},"end":{"line":37,"column":8}},"9":{"start":{"line":34,"column":33},"end":{"line":36,"column":null}},"10":{"start":{"line":6,"column":13},"end":{"line":6,"column":27}},"11":{"start":{"line":41,"column":30},"end":{"line":80,"column":2}},"12":{"start":{"line":41,"column":80},"end":{"line":80,"column":2}},"13":{"start":{"line":42,"column":17},"end":{"line":58,"column":6}},"14":{"start":{"line":60,"column":4},"end":{"line":60,"column":27}},"15":{"start":{"line":60,"column":15},"end":{"line":60,"column":27}},"16":{"start":{"line":63,"column":24},"end":{"line":70,"column":6}},"17":{"start":{"line":72,"column":4},"end":{"line":78,"column":null}},"18":{"start":{"line":41,"column":13},"end":{"line":41,"column":30}},"19":{"start":{"line":83,"column":30},"end":{"line":108,"column":2}},"20":{"start":{"line":83,"column":80},"end":{"line":108,"column":2}},"21":{"start":{"line":84,"column":20},"end":{"line":100,"column":6}},"22":{"start":{"line":102,"column":4},"end":{"line":107,"column":8}},"23":{"start":{"line":102,"column":35},"end":{"line":106,"column":null}},"24":{"start":{"line":83,"column":13},"end":{"line":83,"column":30}}},"fnMap":{"0":{"name":"(anonymous_7)","decl":{"start":{"line":6,"column":27},"end":{"line":6,"column":34}},"loc":{"start":{"line":6,"column":74},"end":{"line":38,"column":2}}},"1":{"name":"(anonymous_8)","decl":{"start":{"line":6,"column":74},"end":{"line":6,"column":null}},"loc":{"start":{"line":6,"column":74},"end":{"line":38,"column":1}}},"2":{"name":"(anonymous_9)","decl":{"start":{"line":27,"column":44},"end":{"line":27,"column":45}},"loc":{"start":{"line":27,"column":51},"end":{"line":27,"column":55}}},"3":{"name":"(anonymous_10)","decl":{"start":{"line":32,"column":54},"end":{"line":32,"column":55}},"loc":{"start":{"line":32,"column":61},"end":{"line":32,"column":75}}},"4":{"name":"(anonymous_11)","decl":{"start":{"line":34,"column":23},"end":{"line":34,"column":24}},"loc":{"start":{"line":34,"column":33},"end":{"line":36,"column":null}}},"5":{"name":"(anonymous_12)","decl":{"start":{"line":41,"column":30},"end":{"line":41,"column":37}},"loc":{"start":{"line":41,"column":80},"end":{"line":80,"column":2}}},"6":{"name":"(anonymous_13)","decl":{"start":{"line":41,"column":80},"end":{"line":41,"column":null}},"loc":{"start":{"line":41,"column":80},"end":{"line":80,"column":1}}},"7":{"name":"(anonymous_14)","decl":{"start":{"line":83,"column":30},"end":{"line":83,"column":37}},"loc":{"start":{"line":83,"column":80},"end":{"line":108,"column":2}}},"8":{"name":"(anonymous_15)","decl":{"start":{"line":83,"column":80},"end":{"line":83,"column":null}},"loc":{"start":{"line":83,"column":80},"end":{"line":108,"column":1}}},"9":{"name":"(anonymous_16)","decl":{"start":{"line":102,"column":23},"end":{"line":102,"column":24}},"loc":{"start":{"line":102,"column":35},"end":{"line":106,"column":null}}}},"branchMap":{"0":{"loc":{"start":{"line":60,"column":4},"end":{"line":60,"column":27}},"type":"if","locations":[{"start":{"line":60,"column":4},"end":{"line":60,"column":27}},{"start":{},"end":{}}]}},"s":{"0":1,"1":1,"2":0,"3":0,"4":0,"5":0,"6":0,"7":0,"8":0,"9":0,"10":1,"11":1,"12":0,"13":0,"14":0,"15":0,"16":0,"17":0,"18":1,"19":1,"20":0,"21":0,"22":0,"23":0,"24":1},"f":{"0":0,"1":0,"2":0,"3":0,"4":0,"5":0,"6":0,"7":0,"8":0,"9":0},"b":{"0":[0,0]}}
,"F:\\Project\\Web Dev\\Portofolio\\Circle App\\circle-backend\\src\\routes\\app-route.ts": {"path":"F:\\Project\\Web Dev\\Portofolio\\Circle App\\circle-backend\\src\\routes\\app-route.ts","statementMap":{"0":{"start":{"line":4,"column":0},"end":{"line":4,"column":30}},"1":{"start":{"line":5,"column":0},"end":{"line":5,"column":null}},"2":{"start":{"line":14,"column":0},"end":{"line":14,"column":60}},"3":{"start":{"line":15,"column":0},"end":{"line":15,"column":41}},"4":{"start":{"line":16,"column":0},"end":{"line":16,"column":64}},"5":{"start":{"line":18,"column":15},"end":{"line":18,"column":31}},"6":{"start":{"line":21,"column":0},"end":{"line":21,"column":51}},"7":{"start":{"line":22,"column":0},"end":{"line":22,"column":77}},"8":{"start":{"line":23,"column":0},"end":{"line":23,"column":57}},"9":{"start":{"line":24,"column":0},"end":{"line":24,"column":80}},"10":{"start":{"line":25,"column":0},"end":{"line":25,"column":59}},"11":{"start":{"line":26,"column":0},"end":{"line":26,"column":68}},"12":{"start":{"line":28,"column":0},"end":{"line":28,"column":75}},"13":{"start":{"line":30,"column":0},"end":{"line":30,"column":59}},"14":{"start":{"line":32,"column":0},"end":{"line":32,"column":22}}},"fnMap":{},"branchMap":{},"s":{"0":1,"1":1,"2":1,"3":1,"4":1,"5":1,"6":1,"7":1,"8":1,"9":1,"10":1,"11":1,"12":1,"13":1,"14":1},"f":{},"b":{}}
,"F:\\Project\\Web Dev\\Portofolio\\Circle App\\circle-backend\\src\\routes\\auth-route.ts": {"path":"F:\\Project\\Web Dev\\Portofolio\\Circle App\\circle-backend\\src\\routes\\auth-route.ts","statementMap":{"0":{"start":{"line":4,"column":0},"end":{"line":4,"column":30}},"1":{"start":{"line":5,"column":0},"end":{"line":5,"column":103}},"2":{"start":{"line":6,"column":0},"end":{"line":6,"column":64}},"3":{"start":{"line":7,"column":0},"end":{"line":7,"column":41}},"4":{"start":{"line":11,"column":15},"end":{"line":11,"column":31}},"5":{"start":{"line":13,"column":0},"end":{"line":13,"column":null}},"6":{"start":{"line":14,"column":0},"end":{"line":14,"column":null}},"7":{"start":{"line":15,"column":0},"end":{"line":15,"column":null}},"8":{"start":{"line":16,"column":0},"end":{"line":16,"column":null}},"9":{"start":{"line":18,"column":0},"end":{"line":22,"column":2}},"10":{"start":{"line":20,"column":8},"end":{"line":20,"column":78}},"11":{"start":{"line":24,"column":0},"end":{"line":24,"column":22}}},"fnMap":{"0":{"name":"(anonymous_1)","decl":{"start":{"line":19,"column":4},"end":{"line":19,"column":5}},"loc":{"start":{"line":19,"column":17},"end":{"line":21,"column":5}}}},"branchMap":{},"s":{"0":1,"1":1,"2":1,"3":1,"4":1,"5":1,"6":1,"7":1,"8":1,"9":1,"10":0,"11":1},"f":{"0":0},"b":{}}
,"F:\\Project\\Web Dev\\Portofolio\\Circle App\\circle-backend\\src\\routes\\follow-route.ts": {"path":"F:\\Project\\Web Dev\\Portofolio\\Circle App\\circle-backend\\src\\routes\\follow-route.ts","statementMap":{"0":{"start":{"line":3,"column":0},"end":{"line":3,"column":30}},"1":{"start":{"line":4,"column":0},"end":{"line":4,"column":null}},"2":{"start":{"line":12,"column":0},"end":{"line":12,"column":64}},"3":{"start":{"line":14,"column":15},"end":{"line":14,"column":31}},"4":{"start":{"line":17,"column":0},"end":{"line":17,"column":68}},"5":{"start":{"line":18,"column":0},"end":{"line":18,"column":69}},"6":{"start":{"line":19,"column":0},"end":{"line":19,"column":69}},"7":{"start":{"line":20,"column":0},"end":{"line":20,"column":69}},"8":{"start":{"line":21,"column":0},"end":{"line":21,"column":62}},"9":{"start":{"line":22,"column":0},"end":{"line":22,"column":66}},"10":{"start":{"line":24,"column":0},"end":{"line":24,"column":22}}},"fnMap":{},"branchMap":{},"s":{"0":1,"1":1,"2":1,"3":1,"4":1,"5":1,"6":1,"7":1,"8":1,"9":1,"10":1},"f":{},"b":{}}
,"F:\\Project\\Web Dev\\Portofolio\\Circle App\\circle-backend\\src\\routes\\user-route.ts": {"path":"F:\\Project\\Web Dev\\Portofolio\\Circle App\\circle-backend\\src\\routes\\user-route.ts","statementMap":{"0":{"start":{"line":3,"column":0},"end":{"line":3,"column":30}},"1":{"start":{"line":4,"column":0},"end":{"line":4,"column":88}},"2":{"start":{"line":5,"column":0},"end":{"line":5,"column":64}},"3":{"start":{"line":7,"column":15},"end":{"line":7,"column":31}},"4":{"start":{"line":9,"column":0},"end":{"line":9,"column":47}},"5":{"start":{"line":10,"column":0},"end":{"line":10,"column":59}},"6":{"start":{"line":11,"column":0},"end":{"line":11,"column":74}},"7":{"start":{"line":13,"column":0},"end":{"line":13,"column":22}}},"fnMap":{},"branchMap":{},"s":{"0":1,"1":1,"2":1,"3":1,"4":1,"5":1,"6":1,"7":1},"f":{},"b":{}}
,"F:\\Project\\Web Dev\\Portofolio\\Circle App\\circle-backend\\src\\utils\\app-error.ts": {"path":"F:\\Project\\Web Dev\\Portofolio\\Circle App\\circle-backend\\src\\utils\\app-error.ts","statementMap":{"0":{"start":{"line":10,"column":4},"end":{"line":10,"column":19}},"1":{"start":{"line":12,"column":4},"end":{"line":12,"column":33}},"2":{"start":{"line":13,"column":4},"end":{"line":13,"column":69}},"3":{"start":{"line":14,"column":4},"end":{"line":14,"column":30}},"4":{"start":{"line":16,"column":4},"end":{"line":16,"column":52}},"5":{"start":{"line":20,"column":0},"end":{"line":20,"column":24}}},"fnMap":{"0":{"name":"(anonymous_0)","decl":{"start":{"line":9,"column":2},"end":{"line":9,"column":14}},"loc":{"start":{"line":9,"column":49},"end":{"line":17,"column":3}}}},"branchMap":{"0":{"loc":{"start":{"line":13,"column":18},"end":{"line":13,"column":68}},"type":"cond-expr","locations":[{"start":{"line":13,"column":52},"end":{"line":13,"column":58}},{"start":{"line":13,"column":61},"end":{"line":13,"column":68}}]}},"s":{"0":0,"1":0,"2":0,"3":0,"4":0,"5":0},"f":{"0":0},"b":{"0":[0,0]}}
,"F:\\Project\\Web Dev\\Portofolio\\Circle App\\circle-backend\\src\\utils\\cloudinary.ts": {"path":"F:\\Project\\Web Dev\\Portofolio\\Circle App\\circle-backend\\src\\utils\\cloudinary.ts","statementMap":{"0":{"start":{"line":3,"column":0},"end":{"line":3,"column":46}},"1":{"start":{"line":5,"column":0},"end":{"line":9,"column":3}},"2":{"start":{"line":11,"column":0},"end":{"line":11,"column":26}}},"fnMap":{},"branchMap":{},"s":{"0":1,"1":1,"2":1},"f":{},"b":{}}
,"F:\\Project\\Web Dev\\Portofolio\\Circle App\\circle-backend\\src\\utils\\jwt.ts": {"path":"F:\\Project\\Web Dev\\Portofolio\\Circle App\\circle-backend\\src\\utils\\jwt.ts","statementMap":{"0":{"start":{"line":1,"column":0},"end":{"line":1,"column":31}},"1":{"start":{"line":3,"column":19},"end":{"line":3,"column":51}},"2":{"start":{"line":5,"column":29},"end":{"line":7,"column":1}},"3":{"start":{"line":6,"column":2},"end":{"line":6,"column":60}},"4":{"start":{"line":5,"column":13},"end":{"line":5,"column":29}},"5":{"start":{"line":9,"column":27},"end":{"line":15,"column":1}},"6":{"start":{"line":10,"column":2},"end":{"line":14,"column":3}},"7":{"start":{"line":11,"column":4},"end":{"line":11,"column":41}},"8":{"start":{"line":13,"column":4},"end":{"line":13,"column":16}},"9":{"start":{"line":9,"column":13},"end":{"line":9,"column":27}}},"fnMap":{"0":{"name":"(anonymous_1)","decl":{"start":{"line":5,"column":29},"end":{"line":5,"column":30}},"loc":{"start":{"line":5,"column":49},"end":{"line":7,"column":1}}},"1":{"name":"(anonymous_2)","decl":{"start":{"line":9,"column":27},"end":{"line":9,"column":28}},"loc":{"start":{"line":9,"column":45},"end":{"line":15,"column":1}}}},"branchMap":{},"s":{"0":2,"1":2,"2":2,"3":6,"4":2,"5":2,"6":6,"7":6,"8":3,"9":2},"f":{"0":6,"1":6},"b":{}}
,"F:\\Project\\Web Dev\\Portofolio\\Circle App\\circle-backend\\src\\utils\\multer.ts": {"path":"F:\\Project\\Web Dev\\Portofolio\\Circle App\\circle-backend\\src\\utils\\multer.ts","statementMap":{"0":{"start":{"line":3,"column":0},"end":{"line":3,"column":28}},"1":{"start":{"line":4,"column":0},"end":{"line":4,"column":62}},"2":{"start":{"line":5,"column":0},"end":{"line":5,"column":38}},"3":{"start":{"line":6,"column":0},"end":{"line":6,"column":24}},"4":{"start":{"line":9,"column":16},"end":{"line":23,"column":2}},"5":{"start":{"line":11,"column":30},"end":{"line":22,"column":null}},"6":{"start":{"line":13,"column":29},"end":{"line":13,"column":92}},"7":{"start":{"line":14,"column":19},"end":{"line":14,"column":71}},"8":{"start":{"line":16,"column":4},"end":{"line":21,"column":6}},"9":{"start":{"line":26,"column":13},"end":{"line":38,"column":3}},"10":{"start":{"line":29,"column":16},"end":{"line":29,"column":61}},"11":{"start":{"line":30,"column":4},"end":{"line":32,"column":5}},"12":{"start":{"line":31,"column":6},"end":{"line":31,"column":29}},"13":{"start":{"line":33,"column":4},"end":{"line":33,"column":19}}},"fnMap":{"0":{"name":"(anonymous_8)","decl":{"start":{"line":11,"column":10},"end":{"line":11,"column":17}},"loc":{"start":{"line":11,"column":30},"end":{"line":22,"column":null}}},"1":{"name":"(anonymous_9)","decl":{"start":{"line":11,"column":30},"end":{"line":11,"column":null}},"loc":{"start":{"line":11,"column":30},"end":{"line":22,"column":3}}},"2":{"name":"(anonymous_10)","decl":{"start":{"line":28,"column":14},"end":{"line":28,"column":15}},"loc":{"start":{"line":28,"column":32},"end":{"line":34,"column":3}}}},"branchMap":{"0":{"loc":{"start":{"line":13,"column":29},"end":{"line":13,"column":92}},"type":"binary-expr","locations":[{"start":{"line":13,"column":29},"end":{"line":13,"column":57}},{"start":{"line":13,"column":61},"end":{"line":13,"column":91}}]},"1":{"loc":{"start":{"line":13,"column":29},"end":{"line":13,"column":57}},"type":"cond-expr","locations":[{"start":{"line":13,"column":37},"end":{"line":13,"column":39}},{"start":{"line":13,"column":37},"end":{"line":13,"column":57}}]},"2":{"loc":{"start":{"line":13,"column":29},"end":{"line":13,"column":39}},"type":"binary-expr","locations":[{"start":{"line":13,"column":29},"end":{"line":13,"column":39}},{"start":{"line":13,"column":37},"end":{"line":13,"column":39}}]},"3":{"loc":{"start":{"line":13,"column":61},"end":{"line":13,"column":91}},"type":"cond-expr","locations":[{"start":{"line":13,"column":69},"end":{"line":13,"column":71}},{"start":{"line":13,"column":69},"end":{"line":13,"column":91}}]},"4":{"loc":{"start":{"line":13,"column":61},"end":{"line":13,"column":71}},"type":"binary-expr","locations":[{"start":{"line":13,"column":61},"end":{"line":13,"column":71}},{"start":{"line":13,"column":69},"end":{"line":13,"column":71}}]},"5":{"loc":{"start":{"line":14,"column":19},"end":{"line":14,"column":71}},"type":"cond-expr","locations":[{"start":{"line":14,"column":38},"end":{"line":14,"column":54}},{"start":{"line":14,"column":57},"end":{"line":14,"column":71}}]},"6":{"loc":{"start":{"line":30,"column":4},"end":{"line":32,"column":5}},"type":"if","locations":[{"start":{"line":30,"column":4},"end":{"line":32,"column":5}},{"start":{},"end":{}}]},"7":{"loc":{"start":{"line":30,"column":8},"end":{"line":30,"column":59}},"type":"binary-expr","locations":[{"start":{"line":30,"column":8},"end":{"line":30,"column":22}},{"start":{"line":30,"column":26},"end":{"line":30,"column":40}},{"start":{"line":30,"column":44},"end":{"line":30,"column":59}}]}},"s":{"0":1,"1":1,"2":1,"3":1,"4":1,"5":0,"6":0,"7":0,"8":0,"9":1,"10":0,"11":0,"12":0,"13":0},"f":{"0":0,"1":0,"2":0},"b":{"0":[0,0],"1":[0,0],"2":[0,0],"3":[0,0],"4":[0,0],"5":[0,0],"6":[0,0],"7":[0,0,0]}}
,"F:\\Project\\Web Dev\\Portofolio\\Circle App\\circle-backend\\src\\validations\\auth-validation.ts": {"path":"F:\\Project\\Web Dev\\Portofolio\\Circle App\\circle-backend\\src\\validations\\auth-validation.ts","statementMap":{"0":{"start":{"line":2,"column":0},"end":{"line":2,"column":22}},"1":{"start":{"line":4,"column":13},"end":{"line":11,"column":3}},"2":{"start":{"line":13,"column":13},"end":{"line":16,"column":3}}},"fnMap":{},"branchMap":{},"s":{"0":1,"1":1,"2":1},"f":{},"b":{}}
}
