TN:
SF:src\App.ts
FN:24,(anonymous_1)
FN:34,(anonymous_2)
FNF:2
FNH:0
FNDA:0,(anonymous_1)
FNDA:0,(anonymous_2)
DA:4,1
DA:5,1
DA:6,1
DA:7,1
DA:8,1
DA:9,1
DA:11,1
DA:14,1
DA:15,1
DA:18,1
DA:19,1
DA:20,1
DA:21,1
DA:24,1
DA:25,0
DA:26,0
DA:27,0
DA:34,1
DA:35,0
DA:38,1
LF:20
LH:16
BRDA:26,0,0,0
BRDA:26,0,1,0
BRDA:29,1,0,0
BRDA:29,1,1,0
BRF:4
BRH:0
end_of_record
TN:
SF:src\server.ts
FN:16,(anonymous_1)
FN:21,(anonymous_2)
FNF:2
FNH:0
FNDA:0,(anonymous_1)
FNDA:0,(anonymous_2)
DA:3,0
DA:4,0
DA:5,0
DA:7,0
DA:9,0
DA:14,0
DA:16,0
DA:17,0
DA:20,0
DA:21,0
DA:22,0
LF:11
LH:0
BRDA:20,0,0,0
BRDA:20,0,1,0
BRF:2
BRH:0
end_of_record
TN:
SF:src\connection\client.ts
FNF:0
FNH:0
DA:2,1
DA:4,1
DA:6,1
LF:3
LH:3
BRF:0
BRH:0
end_of_record
TN:
SF:src\controllers\auth-controller.ts
FN:10,handleRegister
FN:35,handleLogin
FN:53,(anonymous_11)
FN:53,(anonymous_12)
FN:62,(anonymous_13)
FN:62,(anonymous_14)
FNF:6
FNH:4
FNDA:4,handleRegister
FNDA:4,handleLogin
FNDA:1,(anonymous_11)
FNDA:1,(anonymous_12)
FNDA:0,(anonymous_13)
FNDA:0,(anonymous_14)
DA:5,1
DA:6,1
DA:7,1
DA:10,1
DA:11,4
DA:18,4
DA:19,4
DA:20,2
DA:21,2
DA:24,2
DA:25,2
DA:27,2
DA:28,1
DA:30,1
DA:35,1
DA:36,4
DA:37,4
DA:38,4
DA:39,0
DA:40,0
DA:43,4
DA:45,4
DA:46,2
DA:48,2
DA:53,1
DA:54,1
DA:55,1
DA:57,0
DA:62,1
DA:63,0
DA:64,0
DA:65,0
DA:68,0
DA:69,0
DA:70,0
DA:73,0
DA:78,0
DA:91,0
LF:38
LH:26
BRDA:19,0,0,2
BRDA:19,0,1,2
BRDA:25,1,0,0
BRDA:25,1,1,2
BRDA:38,2,0,0
BRDA:38,2,1,4
BRDA:69,3,0,0
BRDA:69,3,1,0
BRF:8
BRH:4
end_of_record
TN:
SF:src\controllers\follow-controller.ts
FN:14,(anonymous_7)
FN:14,(anonymous_8)
FN:26,(anonymous_9)
FN:26,(anonymous_10)
FN:38,(anonymous_11)
FN:38,(anonymous_12)
FN:50,(anonymous_13)
FN:50,(anonymous_14)
FN:62,(anonymous_15)
FN:62,(anonymous_16)
FN:83,(anonymous_17)
FN:83,(anonymous_18)
FNF:12
FNH:0
FNDA:0,(anonymous_7)
FNDA:0,(anonymous_8)
FNDA:0,(anonymous_9)
FNDA:0,(anonymous_10)
FNDA:0,(anonymous_11)
FNDA:0,(anonymous_12)
FNDA:0,(anonymous_13)
FNDA:0,(anonymous_14)
FNDA:0,(anonymous_15)
FNDA:0,(anonymous_16)
FNDA:0,(anonymous_17)
FNDA:0,(anonymous_18)
DA:4,1
DA:14,1
DA:15,0
DA:16,0
DA:17,0
DA:18,0
DA:20,0
DA:21,0
DA:26,1
DA:27,0
DA:28,0
DA:29,0
DA:30,0
DA:32,0
DA:33,0
DA:38,1
DA:39,0
DA:40,0
DA:41,0
DA:42,0
DA:44,0
DA:45,0
DA:50,1
DA:51,0
DA:52,0
DA:53,0
DA:54,0
DA:56,0
DA:57,0
DA:62,1
DA:63,0
DA:64,0
DA:65,0
DA:67,0
DA:68,0
DA:71,0
DA:72,0
DA:74,0
DA:75,0
DA:77,0
DA:78,0
DA:83,1
DA:84,0
DA:85,0
DA:86,0
DA:88,0
DA:89,0
DA:92,0
DA:93,0
DA:95,0
DA:96,0
LF:51
LH:7
BRDA:67,0,0,0
BRDA:67,0,1,0
BRDA:74,1,0,0
BRDA:74,1,1,0
BRDA:78,2,0,0
BRDA:78,2,1,0
BRDA:88,3,0,0
BRDA:88,3,1,0
BRF:8
BRH:0
end_of_record
TN:
SF:src\controllers\like-controller.ts
FN:7,(anonymous_7)
FN:7,(anonymous_8)
FNF:2
FNH:0
FNDA:0,(anonymous_7)
FNDA:0,(anonymous_8)
DA:5,1
DA:7,1
DA:8,0
DA:9,0
DA:10,0
DA:13,0
DA:22,0
DA:23,0
DA:24,0
DA:27,0
DA:34,0
DA:41,0
DA:43,0
DA:48,0
DA:51,0
DA:52,0
LF:16
LH:2
BRDA:22,0,0,0
BRDA:22,0,1,0
BRDA:45,1,0,0
BRDA:45,1,1,0
BRDA:45,2,0,0
BRDA:45,2,1,0
BRDA:45,3,0,0
BRDA:45,3,1,0
BRF:8
BRH:0
end_of_record
TN:
SF:src\controllers\thread-controller.ts
FN:10,getThreads
FN:25,getThreadById
FN:69,getThreadReplies
FN:100,createThread
FN:141,updateThread
FN:156,deleteThread
FN:169,createReply
FN:184,(anonymous_21)
FN:184,(anonymous_22)
FNF:9
FNH:0
FNDA:0,getThreads
FNDA:0,getThreadById
FNDA:0,getThreadReplies
FNDA:0,createThread
FNDA:0,updateThread
FNDA:0,deleteThread
FNDA:0,createReply
FNDA:0,(anonymous_21)
FNDA:0,(anonymous_22)
DA:5,1
DA:7,1
DA:10,1
DA:11,0
DA:13,0
DA:16,0
DA:18,0
DA:20,0
DA:25,1
DA:26,0
DA:27,0
DA:28,0
DA:30,0
DA:45,0
DA:47,0
DA:64,0
DA:69,1
DA:71,0
DA:72,0
DA:73,0
DA:76,0
DA:87,0
DA:95,0
DA:100,1
DA:101,0
DA:102,0
DA:105,0
DA:106,0
DA:112,0
DA:123,0
DA:125,0
DA:127,0
DA:129,0
DA:135,0
DA:136,0
DA:141,1
DA:142,0
DA:143,0
DA:144,0
DA:145,0
DA:149,0
DA:151,0
DA:156,1
DA:157,0
DA:158,0
DA:159,0
DA:162,0
DA:164,0
DA:169,1
DA:170,0
DA:171,0
DA:172,0
DA:175,0
DA:176,0
DA:184,0
DA:186,0
DA:202,0
DA:207,0
DA:211,0
DA:212,0
DA:213,0
DA:217,0
DA:223,0
LF:63
LH:9
BRDA:45,0,0,0
BRDA:45,0,1,0
BRDA:73,1,0,0
BRDA:73,1,1,0
BRDA:105,2,0,0
BRDA:105,2,1,0
BRDA:105,3,0,0
BRDA:105,3,1,0
BRDA:105,3,2,0
BRDA:116,4,0,0
BRDA:116,4,1,0
BRDA:175,5,0,0
BRDA:175,5,1,0
BRDA:175,6,0,0
BRDA:175,6,1,0
BRDA:175,6,2,0
BRDA:190,7,0,0
BRDA:190,7,1,0
BRDA:212,8,0,0
BRDA:212,8,1,0
BRF:20
BRH:0
end_of_record
TN:
SF:src\controllers\user-controller.ts
FN:7,(anonymous_7)
FN:7,(anonymous_8)
FN:29,(anonymous_9)
FN:29,(anonymous_10)
FN:48,(anonymous_11)
FN:48,(anonymous_12)
FNF:6
FNH:0
FNDA:0,(anonymous_7)
FNDA:0,(anonymous_8)
FNDA:0,(anonymous_9)
FNDA:0,(anonymous_10)
FNDA:0,(anonymous_11)
FNDA:0,(anonymous_12)
DA:4,1
DA:7,1
DA:8,0
DA:9,0
DA:11,0
DA:12,0
DA:18,0
DA:19,0
DA:21,0
DA:23,0
DA:24,0
DA:29,1
DA:30,0
DA:31,0
DA:32,0
DA:34,0
DA:36,0
DA:37,0
DA:40,0
DA:42,0
DA:43,0
DA:48,1
DA:49,0
DA:50,0
DA:51,0
DA:53,0
DA:55,0
DA:57,0
DA:58,0
LF:29
LH:4
BRDA:11,0,0,0
BRDA:11,0,1,0
BRDA:11,1,0,0
BRDA:11,1,1,0
BRDA:36,2,0,0
BRDA:36,2,1,0
BRF:6
BRH:0
end_of_record
TN:
SF:src\middlewares\auth-middleware.ts
FN:12,authMiddleware
FNF:1
FNH:1
FNDA:3,authMiddleware
DA:7,1
DA:8,1
DA:10,1
DA:12,1
DA:13,3
DA:14,3
DA:15,1
DA:16,1
DA:19,2
DA:20,2
DA:24,2
DA:28,1
DA:29,0
DA:30,0
DA:33,1
DA:34,1
DA:36,1
LF:17
LH:15
BRDA:13,0,0,1
BRDA:13,0,1,2
BRDA:13,1,0,3
BRDA:13,1,1,3
BRDA:14,2,0,1
BRDA:14,2,1,2
BRDA:28,3,0,0
BRDA:28,3,1,1
BRF:8
BRH:7
end_of_record
TN:
SF:src\middlewares\cors.ts
FNF:0
FNH:0
DA:5,1
DA:9,1
DA:16,1
LF:3
LH:3
BRF:0
BRH:0
end_of_record
TN:
SF:src\models\auth-model.ts
FN:6,registerUser
FN:51,loginUser
FNF:2
FNH:2
FNDA:2,registerUser
FNDA:4,loginUser
DA:2,1
DA:3,1
DA:4,1
DA:6,1
DA:15,2
DA:16,0
DA:19,2
DA:20,2
DA:21,1
DA:24,1
DA:25,1
DA:26,0
DA:29,1
DA:31,1
DA:43,1
DA:45,1
DA:51,1
DA:52,4
DA:53,4
DA:55,3
DA:56,3
DA:58,2
DA:59,2
LF:23
LH:21
BRDA:15,0,0,0
BRDA:15,0,1,2
BRDA:15,1,0,2
BRDA:15,1,1,2
BRDA:20,2,0,1
BRDA:20,2,1,1
BRDA:25,3,0,0
BRDA:25,3,1,1
BRDA:53,4,0,1
BRDA:53,4,1,3
BRDA:56,5,0,1
BRDA:56,5,1,2
BRF:12
BRH:10
end_of_record
TN:
SF:src\models\follow-model.ts
FN:14,(anonymous_7)
FN:14,(anonymous_8)
FN:23,(anonymous_9)
FN:32,(anonymous_10)
FN:34,(anonymous_11)
FN:41,(anonymous_12)
FN:41,(anonymous_13)
FN:50,(anonymous_14)
FN:59,(anonymous_15)
FN:61,(anonymous_16)
FN:68,(anonymous_17)
FN:68,(anonymous_18)
FN:77,(anonymous_19)
FN:91,(anonymous_20)
FN:95,(anonymous_21)
FN:95,(anonymous_22)
FN:111,(anonymous_23)
FN:111,(anonymous_24)
FN:120,(anonymous_25)
FN:120,(anonymous_26)
FNF:20
FNH:0
FNDA:0,(anonymous_7)
FNDA:0,(anonymous_8)
FNDA:0,(anonymous_9)
FNDA:0,(anonymous_10)
FNDA:0,(anonymous_11)
FNDA:0,(anonymous_12)
FNDA:0,(anonymous_13)
FNDA:0,(anonymous_14)
FNDA:0,(anonymous_15)
FNDA:0,(anonymous_16)
FNDA:0,(anonymous_17)
FNDA:0,(anonymous_18)
FNDA:0,(anonymous_19)
FNDA:0,(anonymous_20)
FNDA:0,(anonymous_21)
FNDA:0,(anonymous_22)
FNDA:0,(anonymous_23)
FNDA:0,(anonymous_24)
FNDA:0,(anonymous_25)
FNDA:0,(anonymous_26)
DA:3,1
DA:5,1
DA:14,1
DA:15,0
DA:23,0
DA:24,0
DA:32,0
DA:34,0
DA:41,1
DA:42,0
DA:50,0
DA:51,0
DA:59,0
DA:61,0
DA:68,1
DA:70,0
DA:75,0
DA:77,0
DA:80,0
DA:91,0
DA:95,1
DA:96,0
DA:97,0
DA:100,0
DA:107,0
DA:111,1
DA:112,0
DA:116,0
DA:120,1
DA:121,0
DA:130,0
LF:31
LH:8
BRDA:96,0,0,0
BRDA:96,0,1,0
BRF:2
BRH:0
end_of_record
TN:
SF:src\models\thread-model.ts
FN:6,(anonymous_7)
FN:6,(anonymous_8)
FN:26,(anonymous_9)
FNF:3
FNH:0
FNDA:0,(anonymous_7)
FNDA:0,(anonymous_8)
FNDA:0,(anonymous_9)
DA:4,1
DA:6,1
DA:7,0
DA:26,0
LF:4
LH:2
BRF:0
BRH:0
end_of_record
TN:
SF:src\models\user-model.ts
FN:6,(anonymous_7)
FN:6,(anonymous_8)
FN:27,(anonymous_9)
FN:32,(anonymous_10)
FN:34,(anonymous_11)
FN:41,(anonymous_12)
FN:41,(anonymous_13)
FN:83,(anonymous_14)
FN:83,(anonymous_15)
FN:102,(anonymous_16)
FNF:10
FNH:0
FNDA:0,(anonymous_7)
FNDA:0,(anonymous_8)
FNDA:0,(anonymous_9)
FNDA:0,(anonymous_10)
FNDA:0,(anonymous_11)
FNDA:0,(anonymous_12)
FNDA:0,(anonymous_13)
FNDA:0,(anonymous_14)
FNDA:0,(anonymous_15)
FNDA:0,(anonymous_16)
DA:3,1
DA:6,1
DA:7,0
DA:24,0
DA:27,0
DA:32,0
DA:34,0
DA:41,1
DA:42,0
DA:60,0
DA:63,0
DA:72,0
DA:83,1
DA:84,0
DA:102,0
LF:15
LH:4
BRDA:60,0,0,0
BRDA:60,0,1,0
BRF:2
BRH:0
end_of_record
TN:
SF:src\routes\app-route.ts
FNF:0
FNH:0
DA:4,1
DA:5,1
DA:14,1
DA:15,1
DA:16,1
DA:18,1
DA:21,1
DA:22,1
DA:23,1
DA:24,1
DA:25,1
DA:26,1
DA:28,1
DA:30,1
DA:32,1
LF:15
LH:15
BRF:0
BRH:0
end_of_record
TN:
SF:src\routes\auth-route.ts
FN:19,(anonymous_1)
FNF:1
FNH:0
FNDA:0,(anonymous_1)
DA:4,1
DA:5,1
DA:6,1
DA:7,1
DA:11,1
DA:13,1
DA:14,1
DA:15,1
DA:16,1
DA:18,1
DA:20,0
DA:24,1
LF:12
LH:11
BRF:0
BRH:0
end_of_record
TN:
SF:src\routes\follow-route.ts
FNF:0
FNH:0
DA:3,1
DA:4,1
DA:12,1
DA:14,1
DA:17,1
DA:18,1
DA:19,1
DA:20,1
DA:21,1
DA:22,1
DA:24,1
LF:11
LH:11
BRF:0
BRH:0
end_of_record
TN:
SF:src\routes\user-route.ts
FNF:0
FNH:0
DA:3,1
DA:4,1
DA:5,1
DA:7,1
DA:9,1
DA:10,1
DA:11,1
DA:13,1
LF:8
LH:8
BRF:0
BRH:0
end_of_record
TN:
SF:src\utils\app-error.ts
FN:9,(anonymous_0)
FNF:1
FNH:0
FNDA:0,(anonymous_0)
DA:10,0
DA:12,0
DA:13,0
DA:14,0
DA:16,0
DA:20,0
LF:6
LH:0
BRDA:13,0,0,0
BRDA:13,0,1,0
BRF:2
BRH:0
end_of_record
TN:
SF:src\utils\cloudinary.ts
FNF:0
FNH:0
DA:3,1
DA:5,1
DA:11,1
LF:3
LH:3
BRF:0
BRH:0
end_of_record
TN:
SF:src\utils\jwt.ts
FN:5,(anonymous_1)
FN:9,(anonymous_2)
FNF:2
FNH:2
FNDA:6,(anonymous_1)
FNDA:6,(anonymous_2)
DA:1,2
DA:3,2
DA:5,2
DA:6,6
DA:9,2
DA:10,6
DA:11,6
DA:13,3
LF:8
LH:8
BRF:0
BRH:0
end_of_record
TN:
SF:src\utils\multer.ts
FN:11,(anonymous_8)
FN:11,(anonymous_9)
FN:28,(anonymous_10)
FNF:3
FNH:0
FNDA:0,(anonymous_8)
FNDA:0,(anonymous_9)
FNDA:0,(anonymous_10)
DA:3,1
DA:4,1
DA:5,1
DA:6,1
DA:9,1
DA:11,0
DA:13,0
DA:14,0
DA:16,0
DA:26,1
DA:29,0
DA:30,0
DA:31,0
DA:33,0
LF:14
LH:6
BRDA:13,0,0,0
BRDA:13,0,1,0
BRDA:13,1,0,0
BRDA:13,1,1,0
BRDA:13,2,0,0
BRDA:13,2,1,0
BRDA:13,3,0,0
BRDA:13,3,1,0
BRDA:13,4,0,0
BRDA:13,4,1,0
BRDA:14,5,0,0
BRDA:14,5,1,0
BRDA:30,6,0,0
BRDA:30,6,1,0
BRDA:30,7,0,0
BRDA:30,7,1,0
BRDA:30,7,2,0
BRF:17
BRH:0
end_of_record
TN:
SF:src\validations\auth-validation.ts
FNF:0
FNH:0
DA:2,1
DA:4,1
DA:13,1
LF:3
LH:3
BRF:0
BRH:0
end_of_record
